<?xml version="1.0" encoding="UTF-8"?>
<!-- Generated by org.testng.reporters.JUnitReportReporter -->
<testsuite hostname="LAPTOP-R71BKCQK" failures="0" tests="1" name="pkg1.Class1" time="0.018" errors="0" timestamp="6 Aug 2022 07:18:52 GMT">
  <testcase classname="pkg1.Class1" name="testCase1" time="0.018"/>
</testsuite> <!-- pkg1.Class1 -->
